<?xml version="1.0" encoding="UTF-8"?>
<!-- Generated by org.testng.reporters.JUnitXMLReporter -->
<testsuite hostname="LAPTOP-B3JD0QS2" ignored="0" name="Surefire test" tests="4" failures="0" timestamp="2022-01-15T16:30:59 GMT" time="62.283" errors="0">
  <testcase name="toVerifyRegisterUserShouldBeAbleToReferAProductToFriend" time="14.847" classname="org.example.TestSuite"/>
  <testcase name="toVerifyUserShouldBeAbleToNavigateToDesktopPage" time="3.258" classname="org.example.TestSuite"/>
  <testcase name="toVerifyUserShouldBeAbleToPostNewCommentOnNewsDetailPage" time="4.046" classname="org.example.TestSuite"/>
  <testcase name="toVerifyUserShouldBeAbleToRegisterSuccessfully" time="6.974" classname="org.example.TestSuite"/>
</testsuite> <!-- Surefire test -->
