<?xml version="1.0" encoding="UTF-8"?>
<testsuite xmlns:xsi="http://www.w3.org/2001/XMLSchema-instance" xsi:noNamespaceSchemaLocation="https://maven.apache.org/surefire/maven-surefire-plugin/xsd/surefire-test-report.xsd" name="TestSuite" time="62.776" tests="4" errors="0" skipped="0" failures="0">
  <properties>
[...]
</properties>
  <testcase name="toVerifyRegisterUserShouldBeAbleToReferAProductToFriend" classname="org.example.TestSuite" time="14.847"/>
  <testcase name="toVerifyUserShouldBeAbleToNavigateToDesktopPage" classname="org.example.TestSuite" time="3.259"/>
  <testcase name="toVerifyUserShouldBeAbleToPostNewCommentOnNewsDetailPage" classname="org.example.TestSuite" time="4.045"/>
  <testcase name="toVerifyUserShouldBeAbleToRegisterSuccessfully" classname="org.example.TestSuite" time="6.974"/>
</testsuite>